<?xml version="1.0" encoding="UTF-8"?>
<coverage generated="1572423646334" clover="3.2.0">
  <project timestamp="1572423646334" name="All files">
    <metrics statements="26" coveredstatements="23" conditionals="1" coveredconditionals="0" methods="10" coveredmethods="9" elements="37" coveredelements="32" complexity="0" loc="26" ncloc="26" packages="1" files="1" classes="1"/>
    <file name="PokemonDatabase.ts" path="C:\Users\MChar\Code\PokedexAlexaSkill\src\database\PokemonDatabase.ts">
      <metrics statements="26" coveredstatements="23" conditionals="1" coveredconditionals="0" methods="10" coveredmethods="9"/>
      <line num="4" count="1" type="stmt"/>
      <line num="9" count="1" type="stmt"/>
      <line num="11" count="1" type="stmt"/>
      <line num="14" count="1" type="stmt"/>
      <line num="15" count="1" type="stmt"/>
      <line num="16" count="1" type="stmt"/>
      <line num="17" count="1" type="stmt"/>
      <line num="18" count="1" type="stmt"/>
      <line num="21" count="1" type="stmt"/>
      <line num="22" count="1" type="stmt"/>
      <line num="23" count="1" type="stmt"/>
      <line num="24" count="1" type="stmt"/>
      <line num="25" count="1" type="stmt"/>
      <line num="28" count="1" type="stmt"/>
      <line num="29" count="0" type="stmt"/>
      <line num="30" count="0" type="stmt"/>
      <line num="31" count="0" type="cond" truecount="0" falsecount="1"/>
      <line num="34" count="1" type="stmt"/>
      <line num="36" count="2" type="stmt"/>
      <line num="38" count="2" type="stmt"/>
      <line num="42" count="108" type="stmt"/>
      <line num="43" count="48" type="stmt"/>
      <line num="45" count="20" type="stmt"/>
      <line num="46" count="2" type="stmt"/>
      <line num="48" count="2" type="stmt"/>
      <line num="50" count="1" type="stmt"/>
    </file>
  </project>
</coverage>
