{"C:\\Users\\MChar\\Code\\PokedexAlexaSkill\\src\\database\\PokemonDatabase.ts": {"path":"C:\\Users\\MChar\\Code\\PokedexAlexaSkill\\src\\database\\PokemonDatabase.ts","statementMap":{"0":{"start":{"line":4,"column":0},"end":{"line":4,"column":null}},"1":{"start":{"line":9,"column":24},"end":{"line":9,"column":53}},"2":{"start":{"line":11,"column":8},"end":{"line":11,"column":71}},"3":{"start":{"line":14,"column":10},"end":{"line":19,"column":null}},"4":{"start":{"line":15,"column":8},"end":{"line":15,"column":56}},"5":{"start":{"line":16,"column":49},"end":{"line":16,"column":null}},"6":{"start":{"line":16,"column":14},"end":{"line":16,"column":null}},"7":{"start":{"line":17,"column":8},"end":{"line":17,"column":58}},"8":{"start":{"line":18,"column":8},"end":{"line":18,"column":55}},"9":{"start":{"line":21,"column":10},"end":{"line":26,"column":null}},"10":{"start":{"line":22,"column":8},"end":{"line":22,"column":60}},"11":{"start":{"line":23,"column":49},"end":{"line":23,"column":null}},"12":{"start":{"line":23,"column":14},"end":{"line":23,"column":null}},"13":{"start":{"line":24,"column":8},"end":{"line":24,"column":58}},"14":{"start":{"line":25,"column":8},"end":{"line":25,"column":55}},"15":{"start":{"line":28,"column":10},"end":{"line":32,"column":null}},"16":{"start":{"line":29,"column":14},"end":{"line":29,"column":31}},"17":{"start":{"line":30,"column":14},"end":{"line":30,"column":72}},"18":{"start":{"line":31,"column":15},"end":{"line":31,"column":59}},"19":{"start":{"line":31,"column":8},"end":{"line":31,"column":59}},"20":{"start":{"line":34,"column":12},"end":{"line":49,"column":null}},"21":{"start":{"line":36,"column":21},"end":{"line":36,"column":83}},"22":{"start":{"line":38,"column":33},"end":{"line":47,"column":10}},"23":{"start":{"line":42,"column":29},"end":{"line":42,"column":54}},"24":{"start":{"line":43,"column":26},"end":{"line":43,"column":40}},"25":{"start":{"line":45,"column":29},"end":{"line":45,"column":54}},"26":{"start":{"line":46,"column":26},"end":{"line":46,"column":34}},"27":{"start":{"line":48,"column":8},"end":{"line":48,"column":23}},"28":{"start":{"line":50,"column":0},"end":{"line":50,"column":null}}},"fnMap":{"0":{"name":"(anonymous_13)","decl":{"start":{"line":4,"column":0},"end":{"line":4,"column":null}},"loc":{"start":{"line":4,"column":0},"end":{"line":50,"column":null}}},"1":{"name":"PokemonDatabase","decl":{"start":{"line":7,"column":4},"end":{"line":7,"column":null}},"loc":{"start":{"line":7,"column":4},"end":{"line":12,"column":5}}},"2":{"name":"(anonymous_15)","decl":{"start":{"line":14,"column":4},"end":{"line":14,"column":10}},"loc":{"start":{"line":14,"column":46},"end":{"line":19,"column":null}}},"3":{"name":"(anonymous_18)","decl":{"start":{"line":21,"column":4},"end":{"line":21,"column":10}},"loc":{"start":{"line":21,"column":50},"end":{"line":26,"column":null}}},"4":{"name":"(anonymous_21)","decl":{"start":{"line":28,"column":4},"end":{"line":28,"column":10}},"loc":{"start":{"line":28,"column":4},"end":{"line":32,"column":null}}},"5":{"name":"(anonymous_24)","decl":{"start":{"line":34,"column":4},"end":{"line":34,"column":12}},"loc":{"start":{"line":34,"column":69},"end":{"line":49,"column":5}}},"6":{"name":"(anonymous_25)","decl":{"start":{"line":42,"column":24},"end":{"line":42,"column":25}},"loc":{"start":{"line":42,"column":25},"end":{"line":42,"column":30}}},"7":{"name":"(anonymous_26)","decl":{"start":{"line":43,"column":21},"end":{"line":43,"column":22}},"loc":{"start":{"line":43,"column":22},"end":{"line":43,"column":27}}},"8":{"name":"(anonymous_27)","decl":{"start":{"line":45,"column":24},"end":{"line":45,"column":25}},"loc":{"start":{"line":45,"column":25},"end":{"line":45,"column":30}}},"9":{"name":"(anonymous_28)","decl":{"start":{"line":46,"column":21},"end":{"line":46,"column":22}},"loc":{"start":{"line":46,"column":22},"end":{"line":46,"column":27}}}},"branchMap":{"0":{"loc":{"start":{"line":31,"column":8},"end":{"line":31,"column":59}},"type":"switch","locations":[{"start":{"line":31,"column":8},"end":{"line":31,"column":59}}]}},"s":{"0":1,"1":1,"2":1,"3":1,"4":1,"5":1,"6":1,"7":1,"8":1,"9":1,"10":1,"11":1,"12":1,"13":1,"14":1,"15":1,"16":0,"17":0,"18":0,"19":0,"20":1,"21":2,"22":2,"23":108,"24":48,"25":20,"26":2,"27":2,"28":1},"f":{"0":1,"1":1,"2":1,"3":1,"4":0,"5":2,"6":108,"7":48,"8":20,"9":2},"b":{"0":[0]}}
}
