TN:
SF:C:\Users\MChar\Code\PokedexAlexaSkill\src\database\PokemonDatabase.ts
FN:4,(anonymous_13)
FN:7,PokemonDatabase
FN:14,(anonymous_15)
FN:21,(anonymous_18)
FN:28,(anonymous_21)
FN:34,(anonymous_24)
FN:42,(anonymous_25)
FN:43,(anonymous_26)
FN:45,(anonymous_27)
FN:46,(anonymous_28)
FNF:10
FNH:9
FNDA:1,(anonymous_13)
FNDA:1,PokemonDatabase
FNDA:1,(anonymous_15)
FNDA:1,(anonymous_18)
FNDA:0,(anonymous_21)
FNDA:2,(anonymous_24)
FNDA:108,(anonymous_25)
FNDA:48,(anonymous_26)
FNDA:20,(anonymous_27)
FNDA:2,(anonymous_28)
DA:4,1
DA:9,1
DA:11,1
DA:14,1
DA:15,1
DA:16,1
DA:17,1
DA:18,1
DA:21,1
DA:22,1
DA:23,1
DA:24,1
DA:25,1
DA:28,1
DA:29,0
DA:30,0
DA:31,0
DA:34,1
DA:36,2
DA:38,2
DA:42,108
DA:43,48
DA:45,20
DA:46,2
DA:48,2
DA:50,1
LF:26
LH:23
BRDA:31,0,0,0
BRF:1
BRH:0
end_of_record
